
~~~~~~~~~~~~~~~~~~~~~~~~~~~~~~~~~~~~~~~~~~~~~~~~~~~~~~~~~~~~~~~~~~~~~~~~~~~~~~~
unit_test is a Catch v2.13.7 host application.
Run with -? for options

-------------------------------------------------------------------------------
Benchmarks
-------------------------------------------------------------------------------
/home/diego.canez/cs3p01-proyecto/test/test_tsp.cpp:75
...............................................................................

benchmark name                            samples    iterations          mean
-------------------------------------------------------------------------------
Sequential 10                                  100             1     1.2697 ms 
Parallel 10                                    100             1    578.509 us 
Sequential 11                                  100             1    2.84448 ms 
Parallel 11                                    100             1     853.34 us 
Sequential 12                                  100             1     3.2823 ms 
Parallel 12                                    100             1    729.513 us 
Sequential 13                                  100             1    26.3624 ms 
Parallel 13                                    100             1    1.25351 ms 
Sequential 14                                  100             1     88.667 ms 
Parallel 14                                    100             1    2.73604 ms 
Sequential 15                                  100             1    118.999 ms 
Parallel 15                                    100             1    23.3795 ms 

-------------------------------------------------------------------------------
Efficiency
-------------------------------------------------------------------------------
/home/diego.canez/cs3p01-proyecto/test/test_tsp.cpp:91
...............................................................................

benchmark name                            samples    iterations          mean
-------------------------------------------------------------------------------
Parallel P1                                    100             1    138.811 ms 
Parallel P2                                    100             1     97.505 ms 
Parallel P4                                    100             1    34.3112 ms 
Parallel P8                                    100             1    30.3046 ms 
Parallel P16                                   100             1    10.8826 ms 

===============================================================================
All tests passed (24 assertions in 5 test cases)

